current directory: /Users/caseywood/lighthouse/Ruby/jungle/jungle/gems/rmagick-4.2.2/ext/RMagick
/Users/caseywood/.rbenv/versions/2.6.6/bin/ruby -I /Users/caseywood/.rbenv/versions/2.6.6/lib/ruby/2.6.0 -r ./siteconf20210722-37098-9rhblu.rb extconf.rb
checking for brew... yes
checking for Ruby version >= 2.3.0... yes
checking for pkg-config... yes
checking for outdated ImageMagick version (<= 6.7.7)... no
checking for clang... yes
checking for __GNUC__... yes
checking for MagickCore/MagickCore.h... yes
checking for rb_gc_adjust_memory_usage() in assert.h,ctype.h,stdio.h,stdlib.h,math.h,time.h,sys/types.h,MagickCore/MagickCore.h... yes
checking for posix_memalign() in assert.h,ctype.h,stdio.h,stdlib.h,math.h,time.h,sys/types.h,MagickCore/MagickCore.h... yes
checking for malloc_usable_size() in assert.h,ctype.h,stdio.h,stdlib.h,math.h,time.h,sys/types.h,MagickCore/MagickCore.h... no
checking for malloc_size() in assert.h,ctype.h,stdio.h,stdlib.h,math.h,time.h,sys/types.h,MagickCore/MagickCore.h... yes
checking for _aligned_msize() in assert.h,ctype.h,stdio.h,stdlib.h,math.h,time.h,sys/types.h,MagickCore/MagickCore.h... no
checking for GetImageChannelEntropy() in assert.h,ctype.h,stdio.h,stdlib.h,math.h,time.h,sys/types.h,MagickCore/MagickCore.h... no
checking for SetImageGray() in assert.h,ctype.h,stdio.h,stdlib.h,math.h,time.h,sys/types.h,MagickCore/MagickCore.h... yes
checking for SetMagickAlignedMemoryMethods() in assert.h,ctype.h,stdio.h,stdlib.h,math.h,time.h,sys/types.h,MagickCore/MagickCore.h... yes
checking for malloc.h... no
checking for malloc/malloc.h... yes
creating extconf.h
creating Makefile
======================================================================
Thu 22 Jul 21 19:37:54
This installation of RMagick 4.2.2 is configured for
Ruby 2.6.6 (-darwin20) and ImageMagick 7.1.0
======================================================================


Configured compile options: {:magick_version=>"7.1.0", :local_libs=>" -L/opt/homebrew/Cellar/imagemagick/7.1.0-4_1/lib -lMagickCore-7.Q16HDRI", :cflags=>" -Xpreprocessor -fopenmp -DMAGICKCORE_HDRI_ENABLE=1 -DMAGICKCORE_QUANTUM_DEPTH=16 -I/opt/homebrew/Cellar/imagemagick/7.1.0-4_1/include/ImageMagick-7 -std=gnu99", :cppflags=>" -Xpreprocessor -fopenmp -DMAGICKCORE_HDRI_ENABLE=1 -DMAGICKCORE_QUANTUM_DEPTH=16 -I/opt/homebrew/Cellar/imagemagick/7.1.0-4_1/include/ImageMagick-7", :ldflags=>" -L/opt/homebrew/Cellar/imagemagick/7.1.0-4_1/lib -lMagickCore-7.Q16HDRI", :defs=>[], :config_h=>"Makefile"}

current directory: /Users/caseywood/lighthouse/Ruby/jungle/jungle/gems/rmagick-4.2.2/ext/RMagick
make "DESTDIR=" clean

current directory: /Users/caseywood/lighthouse/Ruby/jungle/jungle/gems/rmagick-4.2.2/ext/RMagick
make "DESTDIR="
compiling rmagick.c
compiling rmdraw.c
compiling rmenum.c
compiling rmfill.c
compiling rmilist.c
compiling rmimage.c
compiling rminfo.c
compiling rmkinfo.c
compiling rmmain.c
compiling rmmontage.c
compiling rmpixel.c
compiling rmstruct.c
compiling rmutil.c
linking shared-object RMagick2.bundle

current directory: /Users/caseywood/lighthouse/Ruby/jungle/jungle/gems/rmagick-4.2.2/ext/RMagick
make "DESTDIR=" install
/opt/homebrew/bin/ginstall -c -m 0755 RMagick2.bundle ./.gem.20210722-37098-3i8as4
